# JRE version: OpenJDK Runtime Environment Temurin-17.0.1+12 (17.0.1+12) (build 17.0.1+12)
# Java VM: OpenJDK 64-Bit Server VM Temurin-17.0.1+12 (17.0.1+12, mixed mode, tiered, compressed oops, compressed class ptrs, g1 gc, windows-amd64)
GC Precious Log:
 CPUs: 12 total, 12 available
 Memory: 16194M
 Large Page Support: Disabled
 NUMA Support: Disabled
 Compressed Oops: Enabled (Zero based)
 Heap Region Size: 2M
 Heap Min Capacity: 8M
 Heap Initial Capacity: 254M
 Heap Max Capacity: 4050M
 Pre-touch: Disabled
 Parallel Workers: 10
 Concurrent Workers: 3
 Concurrent Refinement Workers: 10
 Periodic GC: Disabled
Heap:
 garbage-first heap   total 176128K, used 130335K [0x0000000702e00000, 0x0000000800000000)
  region size 2048K, 51 young (104448K), 3 survivors (6144K)
 Metaspace       used 75230K, committed 75712K, reserved 1122304K
  class space    used 9571K, committed 9792K, reserved 1048576K
GC Heap History (20 events):
Event: 2.777 GC heap before
{Heap before GC invocations=13 (full 0):
 garbage-first heap   total 69632K, used 53099K [0x0000000702e00000, 0x0000000800000000)
  region size 2048K, 19 young (38912K), 1 survivors (2048K)
 Metaspace       used 41013K, committed 41344K, reserved 1089536K
  class space    used 4933K, committed 5056K, reserved 1048576K
}
Event: 2.780 GC heap after
{Heap after GC invocations=14 (full 0):
 garbage-first heap   total 102400K, used 18254K [0x0000000702e00000, 0x0000000800000000)
  region size 2048K, 2 young (4096K), 2 survivors (4096K)
 Metaspace       used 41013K, committed 41344K, reserved 1089536K
  class space    used 4933K, committed 5056K, reserved 1048576K
}
Event: 3.231 GC heap before
{Heap before GC invocations=14 (full 0):
 garbage-first heap   total 102400K, used 73550K [0x0000000702e00000, 0x0000000800000000)
  region size 2048K, 30 young (61440K), 2 survivors (4096K)
 Metaspace       used 46669K, committed 46976K, reserved 1097728K
  class space    used 5817K, committed 5952K, reserved 1048576K
}
Event: 3.234 GC heap after
{Heap after GC invocations=15 (full 0):
 garbage-first heap   total 102400K, used 19200K [0x0000000702e00000, 0x0000000800000000)
  region size 2048K, 2 young (4096K), 2 survivors (4096K)
 Metaspace       used 46669K, committed 46976K, reserved 1097728K
  class space    used 5817K, committed 5952K, reserved 1048576K
}
Event: 3.581 GC heap before
{Heap before GC invocations=15 (full 0):
 garbage-first heap   total 102400K, used 76544K [0x0000000702e00000, 0x0000000800000000)
  region size 2048K, 30 young (61440K), 2 survivors (4096K)
 Metaspace       used 52440K, committed 52736K, reserved 1097728K
  class space    used 6500K, committed 6656K, reserved 1048576K
}
Event: 3.585 GC heap after
{Heap after GC invocations=16 (full 0):
 garbage-first heap   total 102400K, used 21105K [0x0000000702e00000, 0x0000000800000000)
  region size 2048K, 3 young (6144K), 3 survivors (6144K)
 Metaspace       used 52440K, committed 52736K, reserved 1097728K
  class space    used 6500K, committed 6656K, reserved 1048576K
}
Event: 3.981 GC heap before
{Heap before GC invocations=16 (full 0):
 garbage-first heap   total 102400K, used 76401K [0x0000000702e00000, 0x0000000800000000)
  region size 2048K, 30 young (61440K), 3 survivors (6144K)
 Metaspace       used 57629K, committed 57920K, reserved 1105920K
  class space    used 7276K, committed 7424K, reserved 1048576K
}
Event: 3.985 GC heap after
{Heap after GC invocations=17 (full 0):
 garbage-first heap   total 102400K, used 21985K [0x0000000702e00000, 0x0000000800000000)
  region size 2048K, 2 young (4096K), 2 survivors (4096K)
 Metaspace       used 57629K, committed 57920K, reserved 1105920K
  class space    used 7276K, committed 7424K, reserved 1048576K
}
Event: 4.201 GC heap before
{Heap before GC invocations=17 (full 0):
 garbage-first heap   total 102400K, used 52705K [0x0000000702e00000, 0x0000000800000000)
  region size 2048K, 18 young (36864K), 2 survivors (4096K)
 Metaspace       used 59846K, committed 60160K, reserved 1105920K
  class space    used 7566K, committed 7744K, reserved 1048576K
}
Event: 4.204 GC heap after
{Heap after GC invocations=18 (full 0):
 garbage-first heap   total 102400K, used 22349K [0x0000000702e00000, 0x0000000800000000)
  region size 2048K, 3 young (6144K), 3 survivors (6144K)
 Metaspace       used 59846K, committed 60160K, reserved 1105920K
  class space    used 7566K, committed 7744K, reserved 1048576K
}
Event: 4.539 GC heap before
{Heap before GC invocations=19 (full 0):
 garbage-first heap   total 90112K, used 69453K [0x0000000702e00000, 0x0000000800000000)
  region size 2048K, 26 young (53248K), 3 survivors (6144K)
 Metaspace       used 63429K, committed 63808K, reserved 1105920K
  class space    used 8060K, committed 8256K, reserved 1048576K
}
Event: 4.543 GC heap after
{Heap after GC invocations=20 (full 0):
 garbage-first heap   total 90112K, used 24083K [0x0000000702e00000, 0x0000000800000000)
  region size 2048K, 3 young (6144K), 3 survivors (6144K)
 Metaspace       used 63429K, committed 63808K, reserved 1105920K
  class space    used 8060K, committed 8256K, reserved 1048576K
}
Event: 4.554 GC heap before
{Heap before GC invocations=20 (full 0):
 garbage-first heap   total 90112K, used 26131K [0x0000000702e00000, 0x0000000800000000)
  region size 2048K, 4 young (8192K), 3 survivors (6144K)
 Metaspace       used 63570K, committed 63936K, reserved 1105920K
  class space    used 8067K, committed 8256K, reserved 1048576K
}
Event: 4.559 GC heap after
{Heap after GC invocations=21 (full 0):
 garbage-first heap   total 90112K, used 24295K [0x0000000702e00000, 0x0000000800000000)
  region size 2048K, 1 young (2048K), 1 survivors (2048K)
 Metaspace       used 63570K, committed 63936K, reserved 1105920K
  class space    used 8067K, committed 8256K, reserved 1048576K
}
Event: 4.993 GC heap before
{Heap before GC invocations=21 (full 0):
 garbage-first heap   total 90112K, used 71399K [0x0000000702e00000, 0x0000000800000000)
  region size 2048K, 24 young (49152K), 1 survivors (2048K)
 Metaspace       used 65719K, committed 66048K, reserved 1114112K
  class space    used 8350K, committed 8512K, reserved 1048576K
}
Event: 4.997 GC heap after
{Heap after GC invocations=22 (full 0):
 garbage-first heap   total 176128K, used 27243K [0x0000000702e00000, 0x0000000800000000)
  region size 2048K, 2 young (4096K), 2 survivors (4096K)
 Metaspace       used 65719K, committed 66048K, reserved 1114112K
  class space    used 8350K, committed 8512K, reserved 1048576K
}
Event: 5.723 GC heap before
{Heap before GC invocations=22 (full 0):
 garbage-first heap   total 176128K, used 127595K [0x0000000702e00000, 0x0000000800000000)
  region size 2048K, 51 young (104448K), 2 survivors (4096K)
 Metaspace       used 70082K, committed 70528K, reserved 1114112K
  class space    used 8874K, committed 9088K, reserved 1048576K
}
Event: 5.730 GC heap after
{Heap after GC invocations=23 (full 0):
 garbage-first heap   total 176128K, used 37135K [0x0000000702e00000, 0x0000000800000000)
  region size 2048K, 7 young (14336K), 7 survivors (14336K)
 Metaspace       used 70082K, committed 70528K, reserved 1114112K
  class space    used 8874K, committed 9088K, reserved 1048576K
}
Event: 5.912 GC heap before
{Heap before GC invocations=23 (full 0):
 garbage-first heap   total 176128K, used 125199K [0x0000000702e00000, 0x0000000800000000)
  region size 2048K, 51 young (104448K), 7 survivors (14336K)
 Metaspace       used 70369K, committed 70848K, reserved 1114112K
  class space    used 8888K, committed 9088K, reserved 1048576K
}
Event: 5.918 GC heap after
{Heap after GC invocations=24 (full 0):
 garbage-first heap   total 176128K, used 36127K [0x0000000702e00000, 0x0000000800000000)
  region size 2048K, 3 young (6144K), 3 survivors (6144K)
 Metaspace       used 70369K, committed 70848K, reserved 1114112K
  class space    used 8888K, committed 9088K, reserved 1048576K
}

